<?xml version="1.0" encoding="UTF-8" ?>
<testsuite tests="16" failures="0" name="TestSuite" time="235.583" errors="0" skipped="0">
  <properties>
    <property name="java.runtime.name" value="Java(TM) SE Runtime Environment"/>
    <property name="sun.boot.library.path" value="C:\Program Files\Java\jdk1.8.0_192\jre\bin"/>
    <property name="java.vm.version" value="25.192-b12"/>
    <property name="java.vm.vendor" value="Oracle Corporation"/>
    <property name="maven.multiModuleProjectDirectory" value="E:\git\NewExcelUtil2020_ApachePOI-master"/>
    <property name="java.vendor.url" value="http://java.oracle.com/"/>
    <property name="path.separator" value=";"/>
    <property name="guice.disable.misplaced.annotation.check" value="true"/>
    <property name="java.vm.name" value="Java HotSpot(TM) 64-Bit Server VM"/>
    <property name="file.encoding.pkg" value="sun.io"/>
    <property name="user.script" value=""/>
    <property name="user.country" value="US"/>
    <property name="sun.java.launcher" value="SUN_STANDARD"/>
    <property name="sun.os.patch.level" value=""/>
    <property name="java.vm.specification.name" value="Java Virtual Machine Specification"/>
    <property name="user.dir" value="E:\git\NewExcelUtil2020_ApachePOI-master"/>
    <property name="java.runtime.version" value="1.8.0_192-b12"/>
    <property name="java.awt.graphicsenv" value="sun.awt.Win32GraphicsEnvironment"/>
    <property name="java.endorsed.dirs" value="C:\Program Files\Java\jdk1.8.0_192\jre\lib\endorsed"/>
    <property name="os.arch" value="amd64"/>
    <property name="java.io.tmpdir" value="C:\Users\Harmeet\AppData\Local\Temp\"/>
    <property name="line.separator" value="
"/>
    <property name="java.vm.specification.vendor" value="Oracle Corporation"/>
    <property name="user.variant" value=""/>
    <property name="os.name" value="Windows 10"/>
    <property name="classworlds.conf" value="E:\git\ApacheMaven\apache-maven-3.6.3-bin\apache-maven-3.6.3\bin\..\bin\m2.conf"/>
    <property name="sun.jnu.encoding" value="Cp1252"/>
    <property name="java.library.path" value="C:\Program Files\Java\jdk1.8.0_192\bin;C:\WINDOWS\Sun\Java\bin;C:\WINDOWS\system32;C:\WINDOWS;C:\Python39\Scripts\;C:\Python39\;C:\Program Files\MongoDB\Server\4.0\bin;C:\Program Files (x86)\Common Files\Oracle\Java\javapath;C:\WINDOWS\system32;C:\WINDOWS;C:\WINDOWS\System32\Wbem;C:\WINDOWS\System32\WindowsPowerShell\v1.0\;C:\WINDOWS\System32\OpenSSH\;C:\Users\Harmeet\AppData\Roaming\npm\node_modules\http-server\bin;C:\Users\Harmeet\AppData\Roaming\npm\node_modules\live-server;C:\Users\Harmeet\AppData\Local\Programs\Python\python-3.9.0a1-embed-amd64;E:\VSC\VSCode-win32-x64-1.39.2;E:\git\ApacheMaven\apache-maven-3.6.3-bin\apache-maven-3.6.3\bin;C:\Program Files\Git\bin;D:\Kitematic-Windows;E:\Appium\SDK-commandlinetools-android;D:\SmartBear\S02\axis2-1.6.2\bin;E:\Appium\SDK-commandlinetools-android\tools\bin;E:\Appium\SDK-commandlinetools-android\tools;E:\Appium\SDK-commandlinetools-android\platform-tools;C:\Program Files\nodejs\node_modules\npm\bin;C:\Program Files\nodejs\;C:\ProgramData\chocolatey\bin;C:\Users\Harmeet\AppData\Local\Microsoft\WindowsApps;RABBIT_URI=amqp:\\localhost;C:\Program Files\Java\jdk1.8.0_192\bin;%IntelliJ IDEA%;E:\VSC\VSCode-win32-x64-1.39.2;C:\Program Files\Docker Toolbox;C:\Users\Harmeet\AppData\Roaming\npm;."/>
    <property name="maven.conf" value="E:\git\ApacheMaven\apache-maven-3.6.3-bin\apache-maven-3.6.3\bin\../conf"/>
    <property name="java.specification.name" value="Java Platform API Specification"/>
    <property name="java.class.version" value="52.0"/>
    <property name="sun.management.compiler" value="HotSpot 64-Bit Tiered Compilers"/>
    <property name="os.version" value="10.0"/>
    <property name="library.jansi.path" value="E:\git\ApacheMaven\apache-maven-3.6.3-bin\apache-maven-3.6.3\bin\..\lib\jansi-native"/>
    <property name="user.home" value="C:\Users\Harmeet"/>
    <property name="user.timezone" value="Asia/Calcutta"/>
    <property name="java.awt.printerjob" value="sun.awt.windows.WPrinterJob"/>
    <property name="java.specification.version" value="1.8"/>
    <property name="file.encoding" value="Cp1252"/>
    <property name="user.name" value="Harmeet"/>
    <property name="java.class.path" value="E:\git\ApacheMaven\apache-maven-3.6.3-bin\apache-maven-3.6.3\bin\..\boot\plexus-classworlds-2.6.0.jar"/>
    <property name="java.vm.specification.version" value="1.8"/>
    <property name="sun.arch.data.model" value="64"/>
    <property name="java.home" value="C:\Program Files\Java\jdk1.8.0_192\jre"/>
    <property name="sun.java.command" value="org.codehaus.plexus.classworlds.launcher.Launcher test -P Regression"/>
    <property name="java.specification.vendor" value="Oracle Corporation"/>
    <property name="user.language" value="en"/>
    <property name="awt.toolkit" value="sun.awt.windows.WToolkit"/>
    <property name="java.vm.info" value="mixed mode"/>
    <property name="java.version" value="1.8.0_192"/>
    <property name="java.ext.dirs" value="C:\Program Files\Java\jdk1.8.0_192\jre\lib\ext;C:\WINDOWS\Sun\Java\lib\ext"/>
    <property name="sun.boot.class.path" value="C:\Program Files\Java\jdk1.8.0_192\jre\lib\resources.jar;C:\Program Files\Java\jdk1.8.0_192\jre\lib\rt.jar;C:\Program Files\Java\jdk1.8.0_192\jre\lib\sunrsasign.jar;C:\Program Files\Java\jdk1.8.0_192\jre\lib\jsse.jar;C:\Program Files\Java\jdk1.8.0_192\jre\lib\jce.jar;C:\Program Files\Java\jdk1.8.0_192\jre\lib\charsets.jar;C:\Program Files\Java\jdk1.8.0_192\jre\lib\jfr.jar;C:\Program Files\Java\jdk1.8.0_192\jre\classes"/>
    <property name="sun.stderr.encoding" value="cp437"/>
    <property name="java.vendor" value="Oracle Corporation"/>
    <property name="maven.home" value="E:\git\ApacheMaven\apache-maven-3.6.3-bin\apache-maven-3.6.3\bin\.."/>
    <property name="file.separator" value="\"/>
    <property name="java.vendor.url.bug" value="http://bugreport.sun.com/bugreport/"/>
    <property name="sun.cpu.endian" value="little"/>
    <property name="sun.io.unicode.encoding" value="UnicodeLittle"/>
    <property name="sun.stdout.encoding" value="cp437"/>
    <property name="sun.desktop" value="windows"/>
    <property name="sun.cpu.isalist" value="amd64"/>
  </properties>
  <testcase classname="AjaxChildWindowIframe.AjaxMouseTest" name="func" time="15.318"/>
  <testcase classname="com.pcs.Locators.LinkCountsTest" name="LinkCountsFooter" time="28.039"/>
  <testcase classname="AjaxChildWindowIframe.ChildWindowTxtTrimTest" name="window" time="8.99"/>
  <testcase classname="com.pcs.Locators.ListAutocompleteTest" name="Listlocators" time="14.599"/>
  <testcase classname="com.pcs.Locators.ListAutocompleteTest" name="checkboxs" time="7.564"/>
  <testcase classname="AjaxChildWindowIframe.DragDropTest" name="f" time="6.911"/>
  <testcase classname="com.pcs.Locators.opearLocatorTest" name="userNamePwd" time="23.875"/>
  <testcase classname="AjaxChildWindowIframe.IframeTest" name="frame" time="21.184"/>
  <testcase classname="com.pcs.Locators.selectDropdownTest" name="func" time="14.555"/>
  <testcase classname="com.pcs.Locators.SwitchAlertTest" name="AlertSwitch" time="11.815"/>
  <testcase classname="AjaxChildWindowIframe.nestedFramesTest" name="f" time="5.036"/>
  <testcase classname="com.pcs.Locators.AssignCheckBoxTest" name="f" time="14.256"/>
  <testcase classname="excel.tests.ExcelUtilTest" name="ExcelTest" time="1.314"/>
  <testcase classname="com.pcs.Locators.basicLocatorTest" name="f" time="17.824"/>
  <testcase classname="com.pcs.Locators.CalenderLocatorTest" name="func" time="22.056"/>
  <testcase classname="com.pcs.Locators.DateSelectEnableDisableTest" name="f" time="22.247"/>
</testsuite>