<?xml version="1.0" encoding="UTF-8"?>
<!-- Generated by org.testng.reporters.JUnitReportReporter -->
<testsuite skipped="0" hostname="Harmeet-PC" name="AjaxChildWindowIframe.Iframe" tests="1" failures="0" timestamp="2021-05-09T07:54:04 IST" time="17.005" errors="0">
  <testcase name="frame" time="17.005" classname="AjaxChildWindowIframe.Iframe"/>
  <system-out/>
</testsuite> <!-- AjaxChildWindowIframe.Iframe -->
