<?xml version="1.0" encoding="UTF-8"?>
<!-- Generated by org.testng.reporters.JUnitReportReporter -->
<testsuite skipped="0" hostname="Harmeet-PC" name="com.pcs.Locators.AssignCheckBox" tests="1" failures="0" timestamp="2021-04-25T19:53:59 IST" time="23.036" errors="0">
  <testcase name="f" time="23.036" classname="com.pcs.Locators.AssignCheckBox"/>
  <system-out/>
</testsuite> <!-- com.pcs.Locators.AssignCheckBox -->
