<?xml version="1.0" encoding="UTF-8"?>
<!-- Generated by org.testng.reporters.JUnitReportReporter -->
<testsuite skipped="0" hostname="Harmeet-PC" name="excel.tests.ExcelUtilTest" tests="1" failures="0" timestamp="2021-03-19T14:12:22 IST" time="0.152" errors="0">
  <testcase name="ExcelTest" time="0.152" classname="excel.tests.ExcelUtilTest"/>
  <system-out/>
</testsuite> <!-- excel.tests.ExcelUtilTest -->
