<?xml version="1.0" encoding="UTF-8"?>
<!-- Generated by org.testng.reporters.JUnitReportReporter -->
<testsuite skipped="0" hostname="Harmeet-PC" name="com.pcs.Locators.SwitchAlert" tests="1" failures="0" timestamp="2021-04-25T20:17:39 IST" time="82.825" errors="0">
  <testcase name="AlertSwitch" time="82.825" classname="com.pcs.Locators.SwitchAlert"/>
  <system-out/>
</testsuite> <!-- com.pcs.Locators.SwitchAlert -->
