<?xml version="1.0" encoding="UTF-8"?>
<!-- Generated by org.testng.reporters.JUnitReportReporter -->
<testsuite skipped="0" hostname="Harmeet-PC" name="com.pcs.Miscellaneous.MaxWinDelCookies" tests="1" failures="0" timestamp="2021-05-13T19:01:06 IST" time="7.337" errors="0">
  <testcase name="MaxWinDelCook" time="7.337" classname="com.pcs.Miscellaneous.MaxWinDelCookies"/>
  <system-out/>
</testsuite> <!-- com.pcs.Miscellaneous.MaxWinDelCookies -->
