<?xml version="1.0" encoding="UTF-8"?>
<!-- Generated by org.testng.reporters.JUnitReportReporter -->
<testsuite skipped="0" hostname="Harmeet-PC" name="TableGridScroll.Assign07" tests="1" failures="0" timestamp="2021-05-12T17:55:30 IST" time="13.654" errors="0">
  <testcase name="assign07" time="13.654" classname="TableGridScroll.Assign07"/>
  <system-out/>
</testsuite> <!-- TableGridScroll.Assign07 -->
