<?xml version="1.0" encoding="UTF-8"?>
<!-- Generated by org.testng.reporters.JUnitReportReporter -->
<testsuite skipped="0" hostname="Harmeet-PC" name="javaStreams.LambdaExp.FilterFunc" tests="1" failures="0" timestamp="2021-05-21T19:06:33 IST" time="8.017" errors="0">
  <testcase name="funcs" time="8.017" classname="javaStreams.LambdaExp.FilterFunc"/>
  <system-out/>
</testsuite> <!-- javaStreams.LambdaExp.FilterFunc -->
