<?xml version="1.0" encoding="UTF-8"?>
<!-- Generated by org.testng.reporters.JUnitReportReporter -->
<testsuite skipped="0" hostname="Harmeet-PC" name="extentReports.basicReport" tests="1" failures="0" timestamp="2021-05-25T09:30:33 IST" time="11.289" errors="0">
  <testcase name="extentbasic" time="11.289" classname="extentReports.basicReport"/>
  <system-out/>
</testsuite> <!-- extentReports.basicReport -->
