<?xml version="1.0" encoding="UTF-8"?>
<!-- Generated by org.testng.reporters.JUnitReportReporter -->
<testsuite skipped="0" hostname="Harmeet-PC" name="AjaxChildWindowIframe.AjaxMouse" tests="1" failures="0" timestamp="2021-05-09T06:41:00 IST" time="20.680" errors="0">
  <testcase name="func" time="20.680" classname="AjaxChildWindowIframe.AjaxMouse"/>
  <system-out/>
</testsuite> <!-- AjaxChildWindowIframe.AjaxMouse -->
