<?xml version="1.0" encoding="UTF-8"?>
<!-- Generated by org.testng.reporters.JUnitReportReporter -->
<testsuite skipped="0" hostname="Harmeet-PC" name="AjaxChildWindowIframe.ChildWindow" tests="1" failures="0" timestamp="2021-05-09T06:53:31 IST" time="372.302" errors="0">
  <testcase name="window" time="372.302" classname="AjaxChildWindowIframe.ChildWindow"/>
  <system-out/>
</testsuite> <!-- AjaxChildWindowIframe.ChildWindow -->
