<?xml version="1.0" encoding="UTF-8"?>
<!-- Generated by org.testng.reporters.JUnitReportReporter -->
<testsuite skipped="0" hostname="Harmeet-PC" name="com.pcs.Locators.CalenderLocator" tests="1" failures="0" timestamp="2021-05-11T19:57:06 IST" time="20.115" errors="0">
  <testcase name="func" time="20.115" classname="com.pcs.Locators.CalenderLocator"/>
  <system-out/>
</testsuite> <!-- com.pcs.Locators.CalenderLocator -->
