<?xml version="1.0" encoding="UTF-8"?>
<!-- Generated by org.testng.reporters.JUnitReportReporter -->
<testsuite skipped="0" hostname="Harmeet-PC" name="com.pcs.Locators.ListAutocomplete" tests="2" failures="0" timestamp="2021-04-26T12:15:14 IST" time="29.248" errors="0">
  <testcase name="Listlocators" time="22.566" classname="com.pcs.Locators.ListAutocomplete"/>
  <system-out/>
  <testcase name="checkboxs" time="6.682" classname="com.pcs.Locators.ListAutocomplete"/>
  <system-out/>
</testsuite> <!-- com.pcs.Locators.ListAutocomplete -->
