<?xml version="1.0" encoding="UTF-8"?>
<!-- Generated by org.testng.reporters.JUnitReportReporter -->
<testsuite skipped="0" hostname="Harmeet-PC" name="com.pcs.Locators.DateSelectEnableDisable" tests="1" failures="0" timestamp="2021-04-26T11:48:47 IST" time="20.608" errors="0">
  <testcase name="f" time="20.608" classname="com.pcs.Locators.DateSelectEnableDisable"/>
  <system-out/>
</testsuite> <!-- com.pcs.Locators.DateSelectEnableDisable -->
