<?xml version="1.0" encoding="UTF-8"?>
<!-- Generated by org.testng.reporters.JUnitReportReporter -->
<testsuite skipped="0" hostname="Harmeet-PC" name="AjaxChildWindowIframe.nestedFrames" tests="1" failures="0" timestamp="2021-05-10T15:13:16 IST" time="8.560" errors="0">
  <testcase name="f" time="8.560" classname="AjaxChildWindowIframe.nestedFrames"/>
  <system-out/>
</testsuite> <!-- AjaxChildWindowIframe.nestedFrames -->
