<?xml version="1.0" encoding="UTF-8"?>
<!-- Generated by org.testng.reporters.JUnitReportReporter -->
<testsuite skipped="0" hostname="Harmeet-PC" name="com.pcs.seleniumGrid.BasicGridSel" tests="1" failures="0" timestamp="2021-05-17T18:30:09 IST" time="22.300" errors="0">
  <testcase name="funcs" time="22.300" classname="com.pcs.seleniumGrid.BasicGridSel"/>
  <system-out/>
</testsuite> <!-- com.pcs.seleniumGrid.BasicGridSel -->
