<?xml version="1.0" encoding="UTF-8"?>
<!-- Generated by org.testng.reporters.JUnitReportReporter -->
<testsuite skipped="0" hostname="Harmeet-PC" name="TableGridScroll.ScrollTable" tests="1" failures="0" timestamp="2021-05-12T15:51:16 IST" time="13.747" errors="0">
  <testcase name="TableScroll" time="13.747" classname="TableGridScroll.ScrollTable"/>
  <system-out/>
</testsuite> <!-- TableGridScroll.ScrollTable -->
