<?xml version="1.0" encoding="UTF-8"?>
<!-- Generated by org.testng.reporters.JUnitReportReporter -->
<testsuite skipped="0" hostname="Harmeet-PC" name="AjaxChildWindowIframe.Assign04" tests="1" failures="0" timestamp="2021-05-09T07:06:00 IST" time="9.036" errors="0">
  <testcase name="ChildWindow" time="9.036" classname="AjaxChildWindowIframe.Assign04"/>
  <system-out/>
</testsuite> <!-- AjaxChildWindowIframe.Assign04 -->
