<?xml version="1.0" encoding="UTF-8"?>
<!-- Generated by org.testng.reporters.JUnitReportReporter -->
<testsuite skipped="0" hostname="Harmeet-PC" name="com.pcs.Locators.Assign06" tests="1" failures="0" timestamp="2021-05-11T08:17:46 IST" time="13.872" errors="0">
  <testcase name="func" time="13.872" classname="com.pcs.Locators.Assign06"/>
  <system-out/>
</testsuite> <!-- com.pcs.Locators.Assign06 -->
