<?xml version="1.0" encoding="UTF-8"?>
<!-- Generated by org.testng.reporters.JUnitReportReporter -->
<testsuite skipped="0" hostname="Harmeet-PC" name="excel.tests.LoginPage" tests="1" failures="0" timestamp="2021-03-10T10:24:44 IST" time="20.136" errors="0">
  <testcase name="LoginTest" time="20.136" classname="excel.tests.LoginPage"/>
  <system-out/>
</testsuite> <!-- excel.tests.LoginPage -->
