<?xml version="1.0" encoding="UTF-8"?>
<!-- Generated by org.testng.reporters.JUnitReportReporter -->
<testsuite skipped="0" hostname="Harmeet-PC" name="com.pcs.Miscellaneous.dataFile" tests="1" failures="0" timestamp="2021-05-22T19:00:14 IST" time="0.057" errors="0">
  <testcase name="f" time="0.057" classname="com.pcs.Miscellaneous.dataFile"/>
  <system-out/>
</testsuite> <!-- com.pcs.Miscellaneous.dataFile -->
