<?xml version="1.0" encoding="UTF-8"?>
<!-- Generated by org.testng.reporters.JUnitReportReporter -->
<testsuite skipped="0" hostname="Harmeet-PC" name="AjaxChildWindowIframe.Assign08" tests="1" failures="0" timestamp="2021-05-12T18:22:34 IST" time="32.167" errors="0">
  <testcase name="assign08" time="32.167" classname="AjaxChildWindowIframe.Assign08"/>
  <system-out/>
</testsuite> <!-- AjaxChildWindowIframe.Assign08 -->
