<?xml version="1.0" encoding="UTF-8"?>
<!-- Generated by org.testng.reporters.JUnitReportReporter -->
<testsuite skipped="0" hostname="Harmeet-PC" name="com.pcs.Synchronization.FluentWaitReal" tests="1" failures="0" timestamp="2021-05-06T19:17:54 IST" time="25.897" errors="0">
  <testcase name="func" time="25.897" classname="com.pcs.Synchronization.FluentWaitReal"/>
  <system-out/>
</testsuite> <!-- com.pcs.Synchronization.FluentWaitReal -->
