<?xml version="1.0" encoding="UTF-8"?>
<!-- Generated by org.testng.reporters.JUnitReportReporter -->
<testsuite skipped="0" hostname="Harmeet-PC" name="com.pcs.Miscellaneous.HttpCertificate" tests="1" failures="0" timestamp="2021-05-20T17:44:51 IST" time="6.575" errors="0">
  <testcase name="HttpCert" time="6.575" classname="com.pcs.Miscellaneous.HttpCertificate"/>
  <system-out/>
</testsuite> <!-- com.pcs.Miscellaneous.HttpCertificate -->
