<?xml version="1.0" encoding="UTF-8"?>
<!-- Generated by org.testng.reporters.JUnitReportReporter -->
<testsuite skipped="0" hostname="Harmeet-PC" name="com.pcs.Locators.opearLocator" tests="1" failures="0" timestamp="2021-05-17T22:13:54 IST" time="26.243" errors="0">
  <testcase name="userNamePwd" time="26.243" classname="com.pcs.Locators.opearLocator"/>
  <system-out/>
</testsuite> <!-- com.pcs.Locators.opearLocator -->
