<?xml version="1.0" encoding="UTF-8"?>
<!-- Generated by org.testng.reporters.JUnitReportReporter -->
<testsuite skipped="0" hostname="Harmeet-PC" name="com.pcs.Locators.ListLocator" tests="2" failures="0" timestamp="2021-04-25T19:53:59 IST" time="26.409" errors="0">
  <testcase name="Listlocators" time="15.948" classname="com.pcs.Locators.ListLocator"/>
  <system-out/>
  <testcase name="checkboxs" time="10.461" classname="com.pcs.Locators.ListLocator"/>
  <system-out/>
</testsuite> <!-- com.pcs.Locators.ListLocator -->
