<?xml version="1.0" encoding="UTF-8"?>
<!-- Generated by org.testng.reporters.JUnitReportReporter -->
<testsuite skipped="0" hostname="Harmeet-PC" name="javaStreams.LambdaExp.webTableSort" tests="1" failures="0" timestamp="2021-05-19T18:57:09 IST" time="6.871" errors="0">
  <testcase name="func" time="6.871" classname="javaStreams.LambdaExp.webTableSort"/>
  <system-out/>
</testsuite> <!-- javaStreams.LambdaExp.webTableSort -->
