<?xml version="1.0" encoding="UTF-8"?>
<!-- Generated by org.testng.reporters.JUnitReportReporter -->
<testsuite skipped="0" hostname="Harmeet-PC" name="com.pcs.Locators.LinkCounts" tests="1" failures="0" timestamp="2021-05-11T07:22:18 IST" time="57.684" errors="0">
  <testcase name="LinkCountsFooter" time="57.684" classname="com.pcs.Locators.LinkCounts"/>
  <system-out/>
</testsuite> <!-- com.pcs.Locators.LinkCounts -->
