<?xml version="1.0" encoding="UTF-8"?>
<!-- Generated by org.testng.reporters.JUnitReportReporter -->
<testsuite skipped="0" hostname="Harmeet-PC" name="com.pcs.Miscellaneous.BrokenLink" tests="1" failures="0" timestamp="2021-05-13T21:54:38 IST" time="12.275" errors="0">
  <testcase name="BrokenLk" time="12.275" classname="com.pcs.Miscellaneous.BrokenLink"/>
  <system-out/>
</testsuite> <!-- com.pcs.Miscellaneous.BrokenLink -->
