<?xml version="1.0" encoding="UTF-8"?>
<!-- Generated by org.testng.reporters.JUnitReportReporter -->
<testsuite skipped="0" hostname="Harmeet-PC" name="com.pcs.Locators.selectDropdown" tests="1" failures="0" timestamp="2021-04-25T19:53:59 IST" time="23.056" errors="0">
  <testcase name="func" time="23.056" classname="com.pcs.Locators.selectDropdown"/>
  <system-out/>
</testsuite> <!-- com.pcs.Locators.selectDropdown -->
