<?xml version="1.0" encoding="UTF-8"?>
<!-- Generated by org.testng.reporters.JUnitReportReporter -->
<testsuite skipped="0" hostname="Harmeet-PC" name="AjaxChildWindowIframe.ChildWindowTxtTrim" tests="1" failures="0" timestamp="2021-05-11T08:15:07 IST" time="10.292" errors="0">
  <testcase name="window" time="10.292" classname="AjaxChildWindowIframe.ChildWindowTxtTrim"/>
  <system-out/>
</testsuite> <!-- AjaxChildWindowIframe.ChildWindowTxtTrim -->
