<?xml version="1.0" encoding="UTF-8"?>
<!-- Generated by org.testng.reporters.JUnitReportReporter -->
<testsuite skipped="0" hostname="Harmeet-PC" name="com.pcs.Locators.selectDropdownTest" tests="1" failures="0" timestamp="2021-05-23T19:27:24 IST" time="19.332" errors="0">
  <testcase name="func" time="19.332" classname="com.pcs.Locators.selectDropdownTest"/>
  <system-out/>
</testsuite> <!-- com.pcs.Locators.selectDropdownTest -->
