<?xml version="1.0" encoding="UTF-8"?>
<!-- Generated by org.testng.reporters.JUnitReportReporter -->
<testsuite skipped="0" hostname="Harmeet-PC" name="excel.tests.ExcelUtilTest" tests="1" failures="0" timestamp="2021-05-23T19:27:24 IST" time="1.296" errors="0">
  <testcase name="ExcelTest" time="1.296" classname="excel.tests.ExcelUtilTest"/>
  <system-out/>
</testsuite> <!-- excel.tests.ExcelUtilTest -->
