<?xml version="1.0" encoding="UTF-8"?>
<!-- Generated by org.testng.reporters.JUnitReportReporter -->
<testsuite skipped="0" hostname="Harmeet-PC" name="AjaxChildWindowIframe.AjaxMouseTest" tests="1" failures="0" timestamp="2021-05-23T19:27:23 IST" time="18.867" errors="0">
  <testcase name="func" time="18.867" classname="AjaxChildWindowIframe.AjaxMouseTest"/>
  <system-out/>
</testsuite> <!-- AjaxChildWindowIframe.AjaxMouseTest -->
